{"contracts/BandoERC20FulfillableV1.sol":{"l":{"115":3,"116":3,"117":3,"118":3,"124":12,"125":12,"131":3,"132":3,"138":3,"139":3,"140":3,"146":8,"152":7,"159":7,"160":6,"161":6,"162":6,"163":6,"168":6,"169":6,"170":6,"177":6,"191":6,"192":6,"193":6,"194":6,"195":6,"207":14,"219":10,"231":7,"243":4,"258":4,"259":4,"264":4,"265":2,"266":2,"267":2,"278":2,"279":2,"290":2,"291":2,"296":2,"297":2,"298":2,"302":2,"306":2,"307":2,"308":2,"314":2,"315":2,"334":7,"335":5,"336":5,"337":4,"338":4,"339":4,"344":4,"347":4,"348":4,"349":4,"350":2,"351":2,"353":0,"355":2,"356":2,"357":2,"358":2,"359":2,"360":2,"366":2,"367":2,"368":2,"370":4,"376":3,"377":2,"378":1,"379":1,"380":1,"381":1},"path":"/Users/g6s/bandohq/evm-fulfillment-protocol/contracts/BandoERC20FulfillableV1.sol","s":{"1":3,"2":3,"3":3,"4":12,"5":3,"6":3,"7":8,"8":7,"9":7,"10":6,"11":6,"12":6,"13":6,"14":6,"15":6,"16":6,"17":6,"18":6,"19":6,"20":4,"21":4,"22":4,"23":2,"24":2,"25":2,"26":2,"27":2,"28":2,"29":2,"30":2,"31":2,"32":2,"33":2,"34":2,"35":2,"36":2,"37":2,"38":2,"39":7,"40":5,"41":5,"42":4,"43":4,"44":4,"45":4,"46":4,"47":4,"48":4,"49":2,"50":2,"51":0,"52":2,"53":2,"54":2,"55":2,"56":2,"57":4,"58":3,"59":2,"60":1,"61":1,"62":1},"b":{"1":[0,0],"2":[3,0],"3":[12,0],"4":[12,0],"5":[3,0],"6":[3,0],"7":[3,0],"8":[3,0],"9":[7,0],"10":[6,1],"11":[6,0],"12":[4,0],"13":[4,0],"14":[2,2],"15":[2,0],"16":[2,0],"17":[2,0],"18":[2,0],"19":[7,0],"20":[5,2],"21":[5,0],"22":[4,1],"23":[4,0],"24":[4,0],"25":[2,2],"26":[0,2],"27":[2,0],"28":[2,0],"29":[3,0],"30":[2,1],"31":[1,1]},"f":{"1":0,"2":3,"3":12,"4":3,"5":3,"6":8,"7":7,"8":7,"9":14,"10":10,"11":7,"12":4,"13":4,"14":2,"15":2,"16":7,"17":3},"fnMap":{"1":{"name":"_authorizeUpgrade","line":107,"loc":{"start":{"line":107,"column":4},"end":{"line":107,"column":87}}},"2":{"name":"initialize","line":114,"loc":{"start":{"line":114,"column":4},"end":{"line":119,"column":4}}},"3":{"name":"setManager","line":123,"loc":{"start":{"line":123,"column":4},"end":{"line":126,"column":4}}},"4":{"name":"setRouter","line":130,"loc":{"start":{"line":130,"column":4},"end":{"line":133,"column":4}}},"5":{"name":"setFulfillableRegistry","line":137,"loc":{"start":{"line":137,"column":4},"end":{"line":141,"column":4}}},"6":{"name":"recordsOf","line":145,"loc":{"start":{"line":145,"column":4},"end":{"line":147,"column":4}}},"7":{"name":"record","line":151,"loc":{"start":{"line":151,"column":4},"end":{"line":153,"column":4}}},"8":{"name":"depositERC20","line":158,"loc":{"start":{"line":158,"column":4},"end":{"line":196,"column":4}}},"9":{"name":"getERC20DepositsFor","line":206,"loc":{"start":{"line":206,"column":4},"end":{"line":208,"column":4}}},"10":{"name":"setERC20DepositsFor","line":218,"loc":{"start":{"line":218,"column":4},"end":{"line":220,"column":4}}},"11":{"name":"getERC20RefundsFor","line":230,"loc":{"start":{"line":230,"column":4},"end":{"line":232,"column":4}}},"12":{"name":"setERC20RefundsFor","line":242,"loc":{"start":{"line":242,"column":4},"end":{"line":244,"column":4}}},"13":{"name":"withdrawERC20Refund","line":257,"loc":{"start":{"line":257,"column":4},"end":{"line":268,"column":4}}},"14":{"name":"_withdrawRefund","line":277,"loc":{"start":{"line":277,"column":4},"end":{"line":280,"column":4}}},"15":{"name":"_authorizeRefund","line":289,"loc":{"start":{"line":289,"column":4},"end":{"line":316,"column":4}}},"16":{"name":"registerFulfillment","line":333,"loc":{"start":{"line":333,"column":4},"end":{"line":371,"column":4}}},"17":{"name":"beneficiaryWithdraw","line":375,"loc":{"start":{"line":375,"column":4},"end":{"line":382,"column":4}}}},"statementMap":{"1":{"start":{"line":115,"column":8},"end":{"line":115,"column":33}},"2":{"start":{"line":116,"column":8},"end":{"line":116,"column":31}},"3":{"start":{"line":117,"column":8},"end":{"line":117,"column":31}},"4":{"start":{"line":124,"column":8},"end":{"line":124,"column":69}},"5":{"start":{"line":131,"column":8},"end":{"line":131,"column":67}},"6":{"start":{"line":138,"column":8},"end":{"line":138,"column":94}},"7":{"start":{"line":146,"column":8},"end":{"line":146,"column":51}},"8":{"start":{"line":152,"column":8},"end":{"line":152,"column":38}},"9":{"start":{"line":159,"column":8},"end":{"line":159,"column":65}},"10":{"start":{"line":160,"column":8},"end":{"line":160,"column":55}},"11":{"start":{"line":161,"column":8},"end":{"line":161,"column":48}},"12":{"start":{"line":162,"column":8},"end":{"line":162,"column":72}},"13":{"start":{"line":163,"column":8},"end":{"line":163,"column":6929}},"14":{"start":{"line":168,"column":8},"end":{"line":168,"column":70}},"15":{"start":{"line":169,"column":8},"end":{"line":169,"column":57}},"16":{"start":{"line":170,"column":8},"end":{"line":170,"column":7204}},"17":{"start":{"line":177,"column":8},"end":{"line":177,"column":7383}},"18":{"start":{"line":194,"column":8},"end":{"line":194,"column":88}},"19":{"start":{"line":195,"column":8},"end":{"line":195,"column":52}},"20":{"start":{"line":258,"column":8},"end":{"line":258,"column":67}},"21":{"start":{"line":259,"column":8},"end":{"line":259,"column":11591}},"22":{"start":{"line":264,"column":8},"end":{"line":264,"column":76}},"23":{"start":{"line":265,"column":8},"end":{"line":265,"column":59}},"24":{"start":{"line":266,"column":8},"end":{"line":266,"column":56}},"25":{"start":{"line":267,"column":8},"end":{"line":267,"column":19}},"26":{"start":{"line":278,"column":8},"end":{"line":278,"column":51}},"27":{"start":{"line":279,"column":8},"end":{"line":279,"column":58}},"28":{"start":{"line":290,"column":8},"end":{"line":290,"column":114}},"29":{"start":{"line":291,"column":8},"end":{"line":291,"column":12945}},"30":{"start":{"line":296,"column":8},"end":{"line":296,"column":68}},"31":{"start":{"line":297,"column":8},"end":{"line":297,"column":41}},"32":{"start":{"line":298,"column":8},"end":{"line":298,"column":13194}},"33":{"start":{"line":302,"column":8},"end":{"line":302,"column":13322}},"34":{"start":{"line":306,"column":8},"end":{"line":306,"column":74}},"35":{"start":{"line":307,"column":8},"end":{"line":307,"column":64}},"36":{"start":{"line":308,"column":8},"end":{"line":308,"column":13613}},"37":{"start":{"line":314,"column":8},"end":{"line":314,"column":76}},"38":{"start":{"line":315,"column":8},"end":{"line":315,"column":52}},"39":{"start":{"line":334,"column":8},"end":{"line":334,"column":67}},"40":{"start":{"line":335,"column":8},"end":{"line":335,"column":95}},"41":{"start":{"line":336,"column":8},"end":{"line":336,"column":126}},"42":{"start":{"line":337,"column":8},"end":{"line":337,"column":72}},"43":{"start":{"line":338,"column":8},"end":{"line":338,"column":65}},"44":{"start":{"line":339,"column":8},"end":{"line":339,"column":15141}},"45":{"start":{"line":344,"column":8},"end":{"line":344,"column":15299}},"46":{"start":{"line":347,"column":8},"end":{"line":347,"column":77}},"47":{"start":{"line":348,"column":8},"end":{"line":348,"column":92}},"48":{"start":{"line":349,"column":8},"end":{"line":349,"column":15619}},"49":{"start":{"line":350,"column":12},"end":{"line":350,"column":100}},"50":{"start":{"line":352,"column":15},"end":{"line":352,"column":15872}},"51":{"start":{"line":353,"column":12},"end":{"line":353,"column":38}},"52":{"start":{"line":355,"column":12},"end":{"line":355,"column":110}},"53":{"start":{"line":356,"column":12},"end":{"line":356,"column":74}},"54":{"start":{"line":357,"column":12},"end":{"line":357,"column":84}},"55":{"start":{"line":358,"column":12},"end":{"line":358,"column":73}},"56":{"start":{"line":360,"column":12},"end":{"line":360,"column":16421}},"57":{"start":{"line":370,"column":8},"end":{"line":370,"column":19}},"58":{"start":{"line":376,"column":8},"end":{"line":376,"column":67}},"59":{"start":{"line":377,"column":8},"end":{"line":377,"column":90}},"60":{"start":{"line":378,"column":8},"end":{"line":378,"column":72}},"61":{"start":{"line":379,"column":8},"end":{"line":379,"column":60}},"62":{"start":{"line":381,"column":8},"end":{"line":381,"column":62}}},"branchMap":{"1":{"line":107,"type":"if","locations":[{"start":{"line":107,"column":76},"end":{"line":107,"column":76}},{"start":{"line":107,"column":76},"end":{"line":107,"column":76}}]},"2":{"line":114,"type":"if","locations":[{"start":{"line":114,"column":41},"end":{"line":114,"column":41}},{"start":{"line":114,"column":41},"end":{"line":114,"column":41}}]},"3":{"line":123,"type":"if","locations":[{"start":{"line":123,"column":49},"end":{"line":123,"column":49}},{"start":{"line":123,"column":49},"end":{"line":123,"column":49}}]},"4":{"line":124,"type":"if","locations":[{"start":{"line":124,"column":8},"end":{"line":124,"column":8}},{"start":{"line":124,"column":8},"end":{"line":124,"column":8}}]},"5":{"line":130,"type":"if","locations":[{"start":{"line":130,"column":47},"end":{"line":130,"column":47}},{"start":{"line":130,"column":47},"end":{"line":130,"column":47}}]},"6":{"line":131,"type":"if","locations":[{"start":{"line":131,"column":8},"end":{"line":131,"column":8}},{"start":{"line":131,"column":8},"end":{"line":131,"column":8}}]},"7":{"line":137,"type":"if","locations":[{"start":{"line":137,"column":73},"end":{"line":137,"column":73}},{"start":{"line":137,"column":73},"end":{"line":137,"column":73}}]},"8":{"line":138,"type":"if","locations":[{"start":{"line":138,"column":8},"end":{"line":138,"column":8}},{"start":{"line":138,"column":8},"end":{"line":138,"column":8}}]},"9":{"line":158,"type":"if","locations":[{"start":{"line":158,"column":111},"end":{"line":158,"column":111}},{"start":{"line":158,"column":111},"end":{"line":158,"column":111}}]},"10":{"line":159,"type":"if","locations":[{"start":{"line":159,"column":8},"end":{"line":159,"column":8}},{"start":{"line":159,"column":8},"end":{"line":159,"column":8}}]},"11":{"line":169,"type":"if","locations":[{"start":{"line":169,"column":8},"end":{"line":169,"column":8}},{"start":{"line":169,"column":8},"end":{"line":169,"column":8}}]},"12":{"line":257,"type":"if","locations":[{"start":{"line":257,"column":100},"end":{"line":257,"column":100}},{"start":{"line":257,"column":100},"end":{"line":257,"column":100}}]},"13":{"line":258,"type":"if","locations":[{"start":{"line":258,"column":8},"end":{"line":258,"column":8}},{"start":{"line":258,"column":8},"end":{"line":258,"column":8}}]},"14":{"line":264,"type":"if","locations":[{"start":{"line":264,"column":8},"end":{"line":264,"column":8}},{"start":{"line":264,"column":8},"end":{"line":264,"column":8}}]},"15":{"line":296,"type":"if","locations":[{"start":{"line":296,"column":8},"end":{"line":296,"column":8}},{"start":{"line":296,"column":8},"end":{"line":296,"column":8}}]},"16":{"line":298,"type":"if","locations":[{"start":{"line":298,"column":8},"end":{"line":298,"column":8}},{"start":{"line":298,"column":8},"end":{"line":298,"column":8}}]},"17":{"line":302,"type":"if","locations":[{"start":{"line":302,"column":8},"end":{"line":302,"column":8}},{"start":{"line":302,"column":8},"end":{"line":302,"column":8}}]},"18":{"line":307,"type":"if","locations":[{"start":{"line":307,"column":8},"end":{"line":307,"column":8}},{"start":{"line":307,"column":8},"end":{"line":307,"column":8}}]},"19":{"line":333,"type":"if","locations":[{"start":{"line":333,"column":105},"end":{"line":333,"column":105}},{"start":{"line":333,"column":105},"end":{"line":333,"column":105}}]},"20":{"line":334,"type":"if","locations":[{"start":{"line":334,"column":8},"end":{"line":334,"column":8}},{"start":{"line":334,"column":8},"end":{"line":334,"column":8}}]},"21":{"line":335,"type":"if","locations":[{"start":{"line":335,"column":8},"end":{"line":335,"column":8}},{"start":{"line":335,"column":8},"end":{"line":335,"column":8}}]},"22":{"line":336,"type":"if","locations":[{"start":{"line":336,"column":8},"end":{"line":336,"column":8}},{"start":{"line":336,"column":8},"end":{"line":336,"column":8}}]},"23":{"line":347,"type":"if","locations":[{"start":{"line":347,"column":8},"end":{"line":347,"column":8}},{"start":{"line":347,"column":8},"end":{"line":347,"column":8}}]},"24":{"line":348,"type":"if","locations":[{"start":{"line":348,"column":8},"end":{"line":348,"column":8}},{"start":{"line":348,"column":8},"end":{"line":348,"column":8}}]},"25":{"line":349,"type":"if","locations":[{"start":{"line":349,"column":8},"end":{"line":349,"column":8}},{"start":{"line":349,"column":8},"end":{"line":349,"column":8}}]},"26":{"line":352,"type":"if","locations":[{"start":{"line":352,"column":15},"end":{"line":352,"column":15}},{"start":{"line":352,"column":15},"end":{"line":352,"column":15}}]},"27":{"line":356,"type":"if","locations":[{"start":{"line":356,"column":12},"end":{"line":356,"column":12}},{"start":{"line":356,"column":12},"end":{"line":356,"column":12}}]},"28":{"line":358,"type":"if","locations":[{"start":{"line":358,"column":12},"end":{"line":358,"column":12}},{"start":{"line":358,"column":12},"end":{"line":358,"column":12}}]},"29":{"line":375,"type":"if","locations":[{"start":{"line":375,"column":82},"end":{"line":375,"column":82}},{"start":{"line":375,"column":82},"end":{"line":375,"column":82}}]},"30":{"line":376,"type":"if","locations":[{"start":{"line":376,"column":8},"end":{"line":376,"column":8}},{"start":{"line":376,"column":8},"end":{"line":376,"column":8}}]},"31":{"line":377,"type":"if","locations":[{"start":{"line":377,"column":8},"end":{"line":377,"column":8}},{"start":{"line":377,"column":8},"end":{"line":377,"column":8}}]}}},"contracts/BandoFulfillableV1.sol":{"l":{"115":3,"116":3,"117":3,"118":3,"125":17,"126":17,"133":3,"134":3,"141":3,"142":3,"143":3,"151":12,"159":9,"167":8,"175":4,"182":8,"189":7,"199":6,"200":5,"201":5,"202":5,"206":5,"207":5,"208":5,"214":5,"227":5,"228":5,"229":5,"230":5,"233":5,"247":4,"248":4,"252":4,"253":2,"254":2,"255":2,"267":2,"268":2,"280":2,"284":2,"288":2,"291":2,"292":2,"293":2,"297":2,"301":2,"302":2,"303":2,"304":2,"305":2,"328":7,"329":5,"333":5,"338":4,"339":4,"340":4,"341":4,"344":4,"345":4,"349":4,"350":2,"351":2,"353":0,"355":2,"356":2,"357":2,"358":2,"359":2,"360":2,"361":2,"363":2,"364":2,"367":4,"373":2,"374":2,"375":2,"376":1,"377":1,"378":1},"path":"/Users/g6s/bandohq/evm-fulfillment-protocol/contracts/BandoFulfillableV1.sol","s":{"1":3,"2":3,"3":3,"4":17,"5":3,"6":3,"7":8,"8":7,"9":6,"10":5,"11":5,"12":5,"13":5,"14":5,"15":5,"16":5,"17":5,"18":5,"19":4,"20":4,"21":4,"22":2,"23":2,"24":2,"25":2,"26":2,"27":2,"28":2,"29":2,"30":2,"31":2,"32":2,"33":2,"34":2,"35":2,"36":2,"37":2,"38":2,"39":7,"40":5,"41":5,"42":4,"43":4,"44":4,"45":4,"46":4,"47":4,"48":4,"49":2,"50":2,"51":0,"52":2,"53":2,"54":2,"55":2,"56":2,"57":4,"58":2,"59":2,"60":2,"61":1,"62":1},"b":{"1":[0,0],"2":[3,0],"3":[17,0],"4":[17,0],"5":[3,0],"6":[3,0],"7":[3,0],"8":[3,0],"9":[6,0],"10":[5,1],"11":[5,0],"12":[4,0],"13":[4,0],"14":[2,2],"15":[2,0],"16":[2,0],"17":[2,0],"18":[2,0],"19":[7,0],"20":[5,2],"21":[5,0],"22":[4,1],"23":[4,0],"24":[4,0],"25":[2,2],"26":[0,2],"27":[2,0],"28":[2,0],"29":[2,0],"30":[2,0],"31":[1,1]},"f":{"1":0,"2":3,"3":17,"4":3,"5":3,"6":12,"7":9,"8":8,"9":4,"10":8,"11":7,"12":6,"13":4,"14":2,"15":2,"16":7,"17":2},"fnMap":{"1":{"name":"_authorizeUpgrade","line":106,"loc":{"start":{"line":106,"column":4},"end":{"line":106,"column":87}}},"2":{"name":"initialize","line":114,"loc":{"start":{"line":114,"column":4},"end":{"line":119,"column":4}}},"3":{"name":"setManager","line":124,"loc":{"start":{"line":124,"column":4},"end":{"line":127,"column":4}}},"4":{"name":"setRouter","line":132,"loc":{"start":{"line":132,"column":4},"end":{"line":135,"column":4}}},"5":{"name":"setFulfillableRegistry","line":140,"loc":{"start":{"line":140,"column":4},"end":{"line":144,"column":4}}},"6":{"name":"getDepositsFor","line":150,"loc":{"start":{"line":150,"column":4},"end":{"line":152,"column":4}}},"7":{"name":"setDepositsFor","line":158,"loc":{"start":{"line":158,"column":4},"end":{"line":160,"column":4}}},"8":{"name":"getRefundsFor","line":166,"loc":{"start":{"line":166,"column":4},"end":{"line":168,"column":4}}},"9":{"name":"setRefundsFor","line":174,"loc":{"start":{"line":174,"column":4},"end":{"line":176,"column":4}}},"10":{"name":"recordsOf","line":181,"loc":{"start":{"line":181,"column":4},"end":{"line":183,"column":4}}},"11":{"name":"record","line":188,"loc":{"start":{"line":188,"column":4},"end":{"line":190,"column":4}}},"12":{"name":"deposit","line":198,"loc":{"start":{"line":195,"column":4},"end":{"line":234,"column":4}}},"13":{"name":"withdrawRefund","line":246,"loc":{"start":{"line":243,"column":4},"end":{"line":256,"column":4}}},"14":{"name":"_withdrawRefund","line":263,"loc":{"start":{"line":263,"column":4},"end":{"line":269,"column":4}}},"15":{"name":"_authorizeRefund","line":275,"loc":{"start":{"line":275,"column":4},"end":{"line":306,"column":4}}},"16":{"name":"registerFulfillment","line":327,"loc":{"start":{"line":324,"column":4},"end":{"line":368,"column":4}}},"17":{"name":"beneficiaryWithdraw","line":372,"loc":{"start":{"line":372,"column":4},"end":{"line":379,"column":4}}}},"statementMap":{"1":{"start":{"line":115,"column":8},"end":{"line":115,"column":33}},"2":{"start":{"line":116,"column":8},"end":{"line":116,"column":31}},"3":{"start":{"line":117,"column":8},"end":{"line":117,"column":31}},"4":{"start":{"line":125,"column":8},"end":{"line":125,"column":76}},"5":{"start":{"line":133,"column":8},"end":{"line":133,"column":74}},"6":{"start":{"line":141,"column":8},"end":{"line":141,"column":101}},"7":{"start":{"line":182,"column":8},"end":{"line":182,"column":51}},"8":{"start":{"line":189,"column":8},"end":{"line":189,"column":38}},"9":{"start":{"line":199,"column":8},"end":{"line":199,"column":65}},"10":{"start":{"line":200,"column":8},"end":{"line":200,"column":72}},"11":{"start":{"line":201,"column":8},"end":{"line":201,"column":34}},"12":{"start":{"line":202,"column":8},"end":{"line":202,"column":8230}},"13":{"start":{"line":206,"column":8},"end":{"line":206,"column":70}},"14":{"start":{"line":207,"column":8},"end":{"line":207,"column":57}},"15":{"start":{"line":208,"column":8},"end":{"line":208,"column":8481}},"16":{"start":{"line":214,"column":8},"end":{"line":214,"column":8636}},"17":{"start":{"line":230,"column":8},"end":{"line":230,"column":9338}},"18":{"start":{"line":233,"column":8},"end":{"line":233,"column":47}},"19":{"start":{"line":247,"column":8},"end":{"line":247,"column":67}},"20":{"start":{"line":248,"column":8},"end":{"line":248,"column":10220}},"21":{"start":{"line":252,"column":8},"end":{"line":252,"column":76}},"22":{"start":{"line":253,"column":8},"end":{"line":253,"column":44}},"23":{"start":{"line":254,"column":8},"end":{"line":254,"column":52}},"24":{"start":{"line":255,"column":8},"end":{"line":255,"column":19}},"25":{"start":{"line":267,"column":8},"end":{"line":267,"column":33}},"26":{"start":{"line":268,"column":8},"end":{"line":268,"column":46}},"27":{"start":{"line":280,"column":8},"end":{"line":280,"column":11381}},"28":{"start":{"line":284,"column":8},"end":{"line":284,"column":11488}},"29":{"start":{"line":288,"column":8},"end":{"line":288,"column":11586}},"30":{"start":{"line":291,"column":8},"end":{"line":291,"column":68}},"31":{"start":{"line":292,"column":8},"end":{"line":292,"column":41}},"32":{"start":{"line":293,"column":8},"end":{"line":293,"column":11804}},"33":{"start":{"line":297,"column":8},"end":{"line":297,"column":11923}},"34":{"start":{"line":301,"column":8},"end":{"line":301,"column":71}},"35":{"start":{"line":302,"column":8},"end":{"line":302,"column":64}},"36":{"start":{"line":303,"column":8},"end":{"line":303,"column":53}},"37":{"start":{"line":304,"column":8},"end":{"line":304,"column":56}},"38":{"start":{"line":305,"column":8},"end":{"line":305,"column":50}},"39":{"start":{"line":328,"column":8},"end":{"line":328,"column":67}},"40":{"start":{"line":329,"column":8},"end":{"line":329,"column":13329}},"41":{"start":{"line":333,"column":8},"end":{"line":333,"column":13461}},"42":{"start":{"line":338,"column":8},"end":{"line":338,"column":72}},"43":{"start":{"line":339,"column":8},"end":{"line":339,"column":65}},"44":{"start":{"line":340,"column":8},"end":{"line":340,"column":59}},"45":{"start":{"line":341,"column":8},"end":{"line":341,"column":13879}},"46":{"start":{"line":344,"column":8},"end":{"line":344,"column":77}},"47":{"start":{"line":345,"column":8},"end":{"line":345,"column":14066}},"48":{"start":{"line":349,"column":8},"end":{"line":349,"column":14189}},"49":{"start":{"line":350,"column":12},"end":{"line":350,"column":59}},"50":{"start":{"line":352,"column":15},"end":{"line":352,"column":14402}},"51":{"start":{"line":353,"column":12},"end":{"line":353,"column":38}},"52":{"start":{"line":355,"column":12},"end":{"line":355,"column":102}},"53":{"start":{"line":356,"column":12},"end":{"line":356,"column":74}},"54":{"start":{"line":357,"column":12},"end":{"line":357,"column":78}},"55":{"start":{"line":358,"column":12},"end":{"line":358,"column":73}},"56":{"start":{"line":360,"column":12},"end":{"line":360,"column":54}},"57":{"start":{"line":367,"column":8},"end":{"line":367,"column":19}},"58":{"start":{"line":373,"column":8},"end":{"line":373,"column":67}},"59":{"start":{"line":374,"column":8},"end":{"line":374,"column":72}},"60":{"start":{"line":375,"column":8},"end":{"line":375,"column":82}},"61":{"start":{"line":376,"column":8},"end":{"line":376,"column":52}},"62":{"start":{"line":378,"column":8},"end":{"line":378,"column":44}}},"branchMap":{"1":{"line":106,"type":"if","locations":[{"start":{"line":106,"column":76},"end":{"line":106,"column":76}},{"start":{"line":106,"column":76},"end":{"line":106,"column":76}}]},"2":{"line":114,"type":"if","locations":[{"start":{"line":114,"column":41},"end":{"line":114,"column":41}},{"start":{"line":114,"column":41},"end":{"line":114,"column":41}}]},"3":{"line":124,"type":"if","locations":[{"start":{"line":124,"column":49},"end":{"line":124,"column":49}},{"start":{"line":124,"column":49},"end":{"line":124,"column":49}}]},"4":{"line":125,"type":"if","locations":[{"start":{"line":125,"column":8},"end":{"line":125,"column":8}},{"start":{"line":125,"column":8},"end":{"line":125,"column":8}}]},"5":{"line":132,"type":"if","locations":[{"start":{"line":132,"column":47},"end":{"line":132,"column":47}},{"start":{"line":132,"column":47},"end":{"line":132,"column":47}}]},"6":{"line":133,"type":"if","locations":[{"start":{"line":133,"column":8},"end":{"line":133,"column":8}},{"start":{"line":133,"column":8},"end":{"line":133,"column":8}}]},"7":{"line":140,"type":"if","locations":[{"start":{"line":140,"column":73},"end":{"line":140,"column":73}},{"start":{"line":140,"column":73},"end":{"line":140,"column":73}}]},"8":{"line":141,"type":"if","locations":[{"start":{"line":141,"column":8},"end":{"line":141,"column":8}},{"start":{"line":141,"column":8},"end":{"line":141,"column":8}}]},"9":{"line":198,"type":"if","locations":[{"start":{"line":198,"column":29},"end":{"line":198,"column":29}},{"start":{"line":198,"column":29},"end":{"line":198,"column":29}}]},"10":{"line":199,"type":"if","locations":[{"start":{"line":199,"column":8},"end":{"line":199,"column":8}},{"start":{"line":199,"column":8},"end":{"line":199,"column":8}}]},"11":{"line":207,"type":"if","locations":[{"start":{"line":207,"column":8},"end":{"line":207,"column":8}},{"start":{"line":207,"column":8},"end":{"line":207,"column":8}}]},"12":{"line":246,"type":"if","locations":[{"start":{"line":246,"column":21},"end":{"line":246,"column":21}},{"start":{"line":246,"column":21},"end":{"line":246,"column":21}}]},"13":{"line":247,"type":"if","locations":[{"start":{"line":247,"column":8},"end":{"line":247,"column":8}},{"start":{"line":247,"column":8},"end":{"line":247,"column":8}}]},"14":{"line":252,"type":"if","locations":[{"start":{"line":252,"column":8},"end":{"line":252,"column":8}},{"start":{"line":252,"column":8},"end":{"line":252,"column":8}}]},"15":{"line":291,"type":"if","locations":[{"start":{"line":291,"column":8},"end":{"line":291,"column":8}},{"start":{"line":291,"column":8},"end":{"line":291,"column":8}}]},"16":{"line":293,"type":"if","locations":[{"start":{"line":293,"column":8},"end":{"line":293,"column":8}},{"start":{"line":293,"column":8},"end":{"line":293,"column":8}}]},"17":{"line":297,"type":"if","locations":[{"start":{"line":297,"column":8},"end":{"line":297,"column":8}},{"start":{"line":297,"column":8},"end":{"line":297,"column":8}}]},"18":{"line":302,"type":"if","locations":[{"start":{"line":302,"column":8},"end":{"line":302,"column":8}},{"start":{"line":302,"column":8},"end":{"line":302,"column":8}}]},"19":{"line":327,"type":"if","locations":[{"start":{"line":327,"column":21},"end":{"line":327,"column":21}},{"start":{"line":327,"column":21},"end":{"line":327,"column":21}}]},"20":{"line":328,"type":"if","locations":[{"start":{"line":328,"column":8},"end":{"line":328,"column":8}},{"start":{"line":328,"column":8},"end":{"line":328,"column":8}}]},"21":{"line":329,"type":"if","locations":[{"start":{"line":329,"column":8},"end":{"line":329,"column":8}},{"start":{"line":329,"column":8},"end":{"line":329,"column":8}}]},"22":{"line":333,"type":"if","locations":[{"start":{"line":333,"column":8},"end":{"line":333,"column":8}},{"start":{"line":333,"column":8},"end":{"line":333,"column":8}}]},"23":{"line":344,"type":"if","locations":[{"start":{"line":344,"column":8},"end":{"line":344,"column":8}},{"start":{"line":344,"column":8},"end":{"line":344,"column":8}}]},"24":{"line":345,"type":"if","locations":[{"start":{"line":345,"column":8},"end":{"line":345,"column":8}},{"start":{"line":345,"column":8},"end":{"line":345,"column":8}}]},"25":{"line":349,"type":"if","locations":[{"start":{"line":349,"column":8},"end":{"line":349,"column":8}},{"start":{"line":349,"column":8},"end":{"line":349,"column":8}}]},"26":{"line":352,"type":"if","locations":[{"start":{"line":352,"column":15},"end":{"line":352,"column":15}},{"start":{"line":352,"column":15},"end":{"line":352,"column":15}}]},"27":{"line":356,"type":"if","locations":[{"start":{"line":356,"column":12},"end":{"line":356,"column":12}},{"start":{"line":356,"column":12},"end":{"line":356,"column":12}}]},"28":{"line":358,"type":"if","locations":[{"start":{"line":358,"column":12},"end":{"line":358,"column":12}},{"start":{"line":358,"column":12},"end":{"line":358,"column":12}}]},"29":{"line":372,"type":"if","locations":[{"start":{"line":372,"column":67},"end":{"line":372,"column":67}},{"start":{"line":372,"column":67},"end":{"line":372,"column":67}}]},"30":{"line":373,"type":"if","locations":[{"start":{"line":373,"column":8},"end":{"line":373,"column":8}},{"start":{"line":373,"column":8},"end":{"line":373,"column":8}}]},"31":{"line":375,"type":"if","locations":[{"start":{"line":375,"column":8},"end":{"line":375,"column":8}},{"start":{"line":375,"column":8},"end":{"line":375,"column":8}}]}}},"contracts/BandoFulfillmentManagerV1.sol":{"l":{"55":5,"56":5,"65":5,"66":5,"72":5,"73":5,"79":5,"80":5,"107":11,"108":9,"109":8,"110":7,"116":7,"117":5,"126":5,"134":2,"135":2,"136":2,"138":2,"147":2,"148":2,"149":2,"151":2,"160":2,"161":2,"162":2,"164":2,"173":2,"174":2,"175":2,"177":2},"path":"/Users/g6s/bandohq/evm-fulfillment-protocol/contracts/BandoFulfillmentManagerV1.sol","s":{"1":5,"2":5,"3":5,"4":5,"5":5,"6":11,"7":9,"8":8,"9":7,"10":7,"11":5,"12":5,"13":2,"14":2,"15":2,"16":2,"17":2,"18":2,"19":2,"20":2,"21":2,"22":2,"23":2,"24":2,"25":2,"26":2,"27":2,"28":2},"b":{"1":[5,0],"2":[1,0],"3":[5,0],"4":[5,0],"5":[5,0],"6":[5,0],"7":[5,0],"8":[5,0],"9":[11,0],"10":[9,2],"11":[8,1],"12":[7,1],"13":[5,0],"14":[2,0],"15":[2,0],"16":[1,1],"17":[2,0],"18":[2,0],"19":[2,0],"20":[2,0],"21":[2,0],"22":[2,0],"23":[1,1],"24":[2,0],"25":[2,0],"26":[2,0]},"f":{"1":5,"2":1,"3":5,"4":5,"5":5,"6":11,"7":5,"8":2,"9":2,"10":2,"11":2},"fnMap":{"1":{"name":"initialize","line":54,"loc":{"start":{"line":54,"column":4},"end":{"line":57,"column":4}}},"2":{"name":"_authorizeUpgrade","line":60,"loc":{"start":{"line":60,"column":4},"end":{"line":60,"column":87}}},"3":{"name":"setServiceRegistry","line":64,"loc":{"start":{"line":64,"column":4},"end":{"line":67,"column":4}}},"4":{"name":"setEscrow","line":71,"loc":{"start":{"line":71,"column":4},"end":{"line":74,"column":4}}},"5":{"name":"setERC20Escrow","line":78,"loc":{"start":{"line":78,"column":4},"end":{"line":81,"column":4}}},"6":{"name":"setService","line":104,"loc":{"start":{"line":96,"column":4},"end":{"line":118,"column":4}}},"7":{"name":"setServiceRef","line":125,"loc":{"start":{"line":125,"column":4},"end":{"line":127,"column":4}}},"8":{"name":"withdrawRefund","line":133,"loc":{"start":{"line":133,"column":4},"end":{"line":139,"column":4}}},"9":{"name":"registerFulfillment","line":146,"loc":{"start":{"line":146,"column":4},"end":{"line":152,"column":4}}},"10":{"name":"withdrawERC20Refund","line":159,"loc":{"start":{"line":159,"column":4},"end":{"line":165,"column":4}}},"11":{"name":"registerERC20Fulfillment","line":172,"loc":{"start":{"line":172,"column":4},"end":{"line":178,"column":4}}}},"statementMap":{"1":{"start":{"line":55,"column":8},"end":{"line":55,"column":33}},"2":{"start":{"line":56,"column":8},"end":{"line":56,"column":31}},"3":{"start":{"line":65,"column":8},"end":{"line":65,"column":93}},"4":{"start":{"line":72,"column":8},"end":{"line":72,"column":74}},"5":{"start":{"line":79,"column":8},"end":{"line":79,"column":85}},"6":{"start":{"line":107,"column":8},"end":{"line":107,"column":54}},"7":{"start":{"line":108,"column":8},"end":{"line":108,"column":71}},"8":{"start":{"line":109,"column":8},"end":{"line":109,"column":75}},"9":{"start":{"line":110,"column":8},"end":{"line":110,"column":4576}},"10":{"start":{"line":116,"column":8},"end":{"line":116,"column":76}},"11":{"start":{"line":117,"column":8},"end":{"line":117,"column":22}},"12":{"start":{"line":126,"column":8},"end":{"line":126,"column":82}},"13":{"start":{"line":134,"column":8},"end":{"line":134,"column":93}},"14":{"start":{"line":135,"column":8},"end":{"line":135,"column":5716}},"15":{"start":{"line":136,"column":12},"end":{"line":136,"column":98}},"16":{"start":{"line":138,"column":8},"end":{"line":138,"column":99}},"17":{"start":{"line":147,"column":8},"end":{"line":147,"column":93}},"18":{"start":{"line":148,"column":8},"end":{"line":148,"column":6500}},"19":{"start":{"line":149,"column":12},"end":{"line":149,"column":98}},"20":{"start":{"line":151,"column":8},"end":{"line":151,"column":77}},"21":{"start":{"line":160,"column":8},"end":{"line":160,"column":93}},"22":{"start":{"line":161,"column":8},"end":{"line":161,"column":7235}},"23":{"start":{"line":162,"column":12},"end":{"line":162,"column":98}},"24":{"start":{"line":164,"column":8},"end":{"line":164,"column":122}},"25":{"start":{"line":173,"column":8},"end":{"line":173,"column":93}},"26":{"start":{"line":174,"column":8},"end":{"line":174,"column":8052}},"27":{"start":{"line":175,"column":12},"end":{"line":175,"column":103}},"28":{"start":{"line":177,"column":8},"end":{"line":177,"column":88}}},"branchMap":{"1":{"line":54,"type":"if","locations":[{"start":{"line":54,"column":41},"end":{"line":54,"column":41}},{"start":{"line":54,"column":41},"end":{"line":54,"column":41}}]},"2":{"line":60,"type":"if","locations":[{"start":{"line":60,"column":76},"end":{"line":60,"column":76}},{"start":{"line":60,"column":76},"end":{"line":60,"column":76}}]},"3":{"line":64,"type":"if","locations":[{"start":{"line":64,"column":65},"end":{"line":64,"column":65}},{"start":{"line":64,"column":65},"end":{"line":64,"column":65}}]},"4":{"line":65,"type":"if","locations":[{"start":{"line":65,"column":8},"end":{"line":65,"column":8}},{"start":{"line":65,"column":8},"end":{"line":65,"column":8}}]},"5":{"line":71,"type":"if","locations":[{"start":{"line":71,"column":55},"end":{"line":71,"column":55}},{"start":{"line":71,"column":55},"end":{"line":71,"column":55}}]},"6":{"line":72,"type":"if","locations":[{"start":{"line":72,"column":8},"end":{"line":72,"column":8}},{"start":{"line":72,"column":8},"end":{"line":72,"column":8}}]},"7":{"line":78,"type":"if","locations":[{"start":{"line":78,"column":65},"end":{"line":78,"column":65}},{"start":{"line":78,"column":65},"end":{"line":78,"column":65}}]},"8":{"line":79,"type":"if","locations":[{"start":{"line":79,"column":8},"end":{"line":79,"column":8}},{"start":{"line":79,"column":8},"end":{"line":79,"column":8}}]},"9":{"line":104,"type":"if","locations":[{"start":{"line":104,"column":8},"end":{"line":104,"column":8}},{"start":{"line":104,"column":8},"end":{"line":104,"column":8}}]},"10":{"line":107,"type":"if","locations":[{"start":{"line":107,"column":8},"end":{"line":107,"column":8}},{"start":{"line":107,"column":8},"end":{"line":107,"column":8}}]},"11":{"line":108,"type":"if","locations":[{"start":{"line":108,"column":8},"end":{"line":108,"column":8}},{"start":{"line":108,"column":8},"end":{"line":108,"column":8}}]},"12":{"line":109,"type":"if","locations":[{"start":{"line":109,"column":8},"end":{"line":109,"column":8}},{"start":{"line":109,"column":8},"end":{"line":109,"column":8}}]},"13":{"line":125,"type":"if","locations":[{"start":{"line":125,"column":87},"end":{"line":125,"column":87}},{"start":{"line":125,"column":87},"end":{"line":125,"column":87}}]},"14":{"line":135,"type":"if","locations":[{"start":{"line":135,"column":8},"end":{"line":135,"column":8}},{"start":{"line":135,"column":8},"end":{"line":135,"column":8}}]},"15":{"line":136,"type":"if","locations":[{"start":{"line":136,"column":12},"end":{"line":136,"column":12}},{"start":{"line":136,"column":12},"end":{"line":136,"column":12}}]},"16":{"line":138,"type":"if","locations":[{"start":{"line":138,"column":8},"end":{"line":138,"column":8}},{"start":{"line":138,"column":8},"end":{"line":138,"column":8}}]},"17":{"line":146,"type":"if","locations":[{"start":{"line":146,"column":105},"end":{"line":146,"column":105}},{"start":{"line":146,"column":105},"end":{"line":146,"column":105}}]},"18":{"line":148,"type":"if","locations":[{"start":{"line":148,"column":8},"end":{"line":148,"column":8}},{"start":{"line":148,"column":8},"end":{"line":148,"column":8}}]},"19":{"line":149,"type":"if","locations":[{"start":{"line":149,"column":12},"end":{"line":149,"column":12}},{"start":{"line":149,"column":12},"end":{"line":149,"column":12}}]},"20":{"line":159,"type":"if","locations":[{"start":{"line":159,"column":100},"end":{"line":159,"column":100}},{"start":{"line":159,"column":100},"end":{"line":159,"column":100}}]},"21":{"line":161,"type":"if","locations":[{"start":{"line":161,"column":8},"end":{"line":161,"column":8}},{"start":{"line":161,"column":8},"end":{"line":161,"column":8}}]},"22":{"line":162,"type":"if","locations":[{"start":{"line":162,"column":12},"end":{"line":162,"column":12}},{"start":{"line":162,"column":12},"end":{"line":162,"column":12}}]},"23":{"line":164,"type":"if","locations":[{"start":{"line":164,"column":8},"end":{"line":164,"column":8}},{"start":{"line":164,"column":8},"end":{"line":164,"column":8}}]},"24":{"line":172,"type":"if","locations":[{"start":{"line":172,"column":110},"end":{"line":172,"column":110}},{"start":{"line":172,"column":110},"end":{"line":172,"column":110}}]},"25":{"line":174,"type":"if","locations":[{"start":{"line":174,"column":8},"end":{"line":174,"column":8}},{"start":{"line":174,"column":8},"end":{"line":174,"column":8}}]},"26":{"line":175,"type":"if","locations":[{"start":{"line":175,"column":12},"end":{"line":175,"column":12}},{"start":{"line":175,"column":12},"end":{"line":175,"column":12}}]}}},"contracts/BandoRouterV1.sol":{"l":{"66":3,"67":3,"68":3,"69":3,"75":1,"81":1,"97":3,"98":3,"105":3,"106":3,"113":3,"114":3,"121":3,"122":3,"134":13,"135":8,"136":8,"140":7,"145":6,"149":6,"150":6,"151":6,"163":6,"164":3,"165":3,"166":3},"path":"/Users/g6s/bandohq/evm-fulfillment-protocol/contracts/BandoRouterV1.sol","s":{"1":3,"2":3,"3":3,"4":3,"5":1,"6":1,"7":3,"8":3,"9":3,"10":3,"11":13,"12":8,"13":8,"14":7,"15":6,"16":6,"17":6,"18":6,"19":6,"20":3,"21":3,"22":3},"b":{"1":[3,0],"2":[1,0],"3":[1,0],"4":[1,0],"5":[3,0],"6":[3,0],"7":[3,0],"8":[3,0],"9":[3,0],"10":[3,0],"11":[3,0],"12":[3,0],"13":[13,0],"14":[13,0],"15":[7,1],"16":[6,0],"17":[6,0],"18":[6,0]},"f":{"1":3,"2":1,"3":1,"4":1,"5":3,"6":3,"7":3,"8":3,"9":13,"10":6},"fnMap":{"1":{"name":"initialize","line":65,"loc":{"start":{"line":65,"column":4},"end":{"line":70,"column":4}}},"2":{"name":"pause","line":74,"loc":{"start":{"line":74,"column":4},"end":{"line":76,"column":4}}},"3":{"name":"unpause","line":80,"loc":{"start":{"line":80,"column":4},"end":{"line":82,"column":4}}},"4":{"name":"_authorizeUpgrade","line":89,"loc":{"start":{"line":87,"column":4},"end":{"line":91,"column":5}}},"5":{"name":"setFulfillableRegistry","line":96,"loc":{"start":{"line":96,"column":4},"end":{"line":99,"column":4}}},"6":{"name":"setTokenRegistry","line":104,"loc":{"start":{"line":104,"column":4},"end":{"line":107,"column":4}}},"7":{"name":"setEscrow","line":112,"loc":{"start":{"line":112,"column":4},"end":{"line":115,"column":4}}},"8":{"name":"setERC20Escrow","line":120,"loc":{"start":{"line":120,"column":4},"end":{"line":123,"column":4}}},"9":{"name":"requestERC20Service","line":133,"loc":{"start":{"line":130,"column":4},"end":{"line":152,"column":4}}},"10":{"name":"requestService","line":162,"loc":{"start":{"line":159,"column":4},"end":{"line":167,"column":4}}}},"statementMap":{"1":{"start":{"line":66,"column":8},"end":{"line":66,"column":33}},"2":{"start":{"line":67,"column":8},"end":{"line":67,"column":24}},"3":{"start":{"line":68,"column":8},"end":{"line":68,"column":31}},"4":{"start":{"line":69,"column":8},"end":{"line":69,"column":31}},"5":{"start":{"line":75,"column":8},"end":{"line":75,"column":15}},"6":{"start":{"line":81,"column":8},"end":{"line":81,"column":17}},"7":{"start":{"line":97,"column":8},"end":{"line":97,"column":101}},"8":{"start":{"line":105,"column":8},"end":{"line":105,"column":89}},"9":{"start":{"line":113,"column":8},"end":{"line":113,"column":74}},"10":{"start":{"line":121,"column":8},"end":{"line":121,"column":85}},"11":{"start":{"line":134,"column":8},"end":{"line":134,"column":107}},"12":{"start":{"line":135,"column":8},"end":{"line":135,"column":73}},"13":{"start":{"line":136,"column":8},"end":{"line":136,"column":89}},"14":{"start":{"line":140,"column":8},"end":{"line":140,"column":7003}},"15":{"start":{"line":145,"column":8},"end":{"line":145,"column":7144}},"16":{"start":{"line":149,"column":8},"end":{"line":149,"column":76}},"17":{"start":{"line":150,"column":8},"end":{"line":150,"column":54}},"18":{"start":{"line":151,"column":8},"end":{"line":151,"column":19}},"19":{"start":{"line":163,"column":8},"end":{"line":163,"column":86}},"20":{"start":{"line":164,"column":8},"end":{"line":164,"column":87}},"21":{"start":{"line":165,"column":8},"end":{"line":165,"column":49}},"22":{"start":{"line":166,"column":8},"end":{"line":166,"column":19}}},"branchMap":{"1":{"line":65,"type":"if","locations":[{"start":{"line":65,"column":41},"end":{"line":65,"column":41}},{"start":{"line":65,"column":41},"end":{"line":65,"column":41}}]},"2":{"line":74,"type":"if","locations":[{"start":{"line":74,"column":28},"end":{"line":74,"column":28}},{"start":{"line":74,"column":28},"end":{"line":74,"column":28}}]},"3":{"line":80,"type":"if","locations":[{"start":{"line":80,"column":30},"end":{"line":80,"column":30}},{"start":{"line":80,"column":30},"end":{"line":80,"column":30}}]},"4":{"line":89,"type":"if","locations":[{"start":{"line":89,"column":8},"end":{"line":89,"column":8}},{"start":{"line":89,"column":8},"end":{"line":89,"column":8}}]},"5":{"line":96,"type":"if","locations":[{"start":{"line":96,"column":73},"end":{"line":96,"column":73}},{"start":{"line":96,"column":73},"end":{"line":96,"column":73}}]},"6":{"line":97,"type":"if","locations":[{"start":{"line":97,"column":8},"end":{"line":97,"column":8}},{"start":{"line":97,"column":8},"end":{"line":97,"column":8}}]},"7":{"line":104,"type":"if","locations":[{"start":{"line":104,"column":61},"end":{"line":104,"column":61}},{"start":{"line":104,"column":61},"end":{"line":104,"column":61}}]},"8":{"line":105,"type":"if","locations":[{"start":{"line":105,"column":8},"end":{"line":105,"column":8}},{"start":{"line":105,"column":8},"end":{"line":105,"column":8}}]},"9":{"line":112,"type":"if","locations":[{"start":{"line":112,"column":55},"end":{"line":112,"column":55}},{"start":{"line":112,"column":55},"end":{"line":112,"column":55}}]},"10":{"line":113,"type":"if","locations":[{"start":{"line":113,"column":8},"end":{"line":113,"column":8}},{"start":{"line":113,"column":8},"end":{"line":113,"column":8}}]},"11":{"line":120,"type":"if","locations":[{"start":{"line":120,"column":65},"end":{"line":120,"column":65}},{"start":{"line":120,"column":65},"end":{"line":120,"column":65}}]},"12":{"line":121,"type":"if","locations":[{"start":{"line":121,"column":8},"end":{"line":121,"column":8}},{"start":{"line":121,"column":8},"end":{"line":121,"column":8}}]},"13":{"line":133,"type":"if","locations":[{"start":{"line":133,"column":21},"end":{"line":133,"column":21}},{"start":{"line":133,"column":21},"end":{"line":133,"column":21}}]},"14":{"line":133,"type":"if","locations":[{"start":{"line":133,"column":35},"end":{"line":133,"column":35}},{"start":{"line":133,"column":35},"end":{"line":133,"column":35}}]},"15":{"line":136,"type":"if","locations":[{"start":{"line":136,"column":8},"end":{"line":136,"column":8}},{"start":{"line":136,"column":8},"end":{"line":136,"column":8}}]},"16":{"line":145,"type":"if","locations":[{"start":{"line":145,"column":8},"end":{"line":145,"column":8}},{"start":{"line":145,"column":8},"end":{"line":145,"column":8}}]},"17":{"line":162,"type":"if","locations":[{"start":{"line":162,"column":21},"end":{"line":162,"column":21}},{"start":{"line":162,"column":21},"end":{"line":162,"column":21}}]},"18":{"line":162,"type":"if","locations":[{"start":{"line":162,"column":35},"end":{"line":162,"column":35}},{"start":{"line":162,"column":35},"end":{"line":162,"column":35}}]}}},"contracts/FulfillmentTypes.sol":{"l":{},"path":"/Users/g6s/bandohq/evm-fulfillment-protocol/contracts/FulfillmentTypes.sol","s":{},"b":{},"f":{},"fnMap":{},"statementMap":{},"branchMap":{}},"contracts/IBandoERC20Fulfillable.sol":{"l":{},"path":"/Users/g6s/bandohq/evm-fulfillment-protocol/contracts/IBandoERC20Fulfillable.sol","s":{},"b":{},"f":{},"fnMap":{},"statementMap":{},"branchMap":{}},"contracts/IBandoFulfillable.sol":{"l":{},"path":"/Users/g6s/bandohq/evm-fulfillment-protocol/contracts/IBandoFulfillable.sol","s":{},"b":{},"f":{},"fnMap":{},"statementMap":{},"branchMap":{}},"contracts/libraries/FulfillmentRequestLib.sol":{"l":{"54":6,"55":1,"57":5,"58":0,"61":5,"63":4,"64":1,"67":3,"68":3,"69":0,"72":3,"73":0,"76":3,"93":13,"94":1,"96":12,"97":0,"100":12,"101":1,"104":11,"106":9,"107":1,"110":8},"path":"/Users/g6s/bandohq/evm-fulfillment-protocol/contracts/libraries/FulfillmentRequestLib.sol","s":{"1":6,"2":5,"3":5,"4":4,"5":3,"6":3,"7":3,"8":3,"9":13,"10":12,"11":12,"12":11,"13":9,"14":8},"b":{"1":[1,5],"2":[0,5],"3":[1,3],"4":[0,3],"5":[0,3],"6":[1,12],"7":[0,12],"8":[1,11],"9":[1,8]},"f":{"1":6,"2":13},"fnMap":{"1":{"name":"validateRequest","line":49,"loc":{"start":{"line":49,"column":4},"end":{"line":77,"column":4}}},"2":{"name":"validateERC20Request","line":87,"loc":{"start":{"line":87,"column":4},"end":{"line":111,"column":4}}}},"statementMap":{"1":{"start":{"line":54,"column":8},"end":{"line":54,"column":2230}},"2":{"start":{"line":57,"column":8},"end":{"line":57,"column":2311}},"3":{"start":{"line":61,"column":8},"end":{"line":61,"column":96}},"4":{"start":{"line":63,"column":8},"end":{"line":63,"column":2516}},"5":{"start":{"line":67,"column":8},"end":{"line":67,"column":90}},"6":{"start":{"line":68,"column":8},"end":{"line":68,"column":2760}},"7":{"start":{"line":72,"column":8},"end":{"line":72,"column":2839}},"8":{"start":{"line":76,"column":8},"end":{"line":76,"column":22}},"9":{"start":{"line":93,"column":8},"end":{"line":93,"column":3689}},"10":{"start":{"line":96,"column":8},"end":{"line":96,"column":3780}},"11":{"start":{"line":100,"column":8},"end":{"line":100,"column":3878}},"12":{"start":{"line":104,"column":8},"end":{"line":104,"column":96}},"13":{"start":{"line":106,"column":8},"end":{"line":106,"column":4140}},"14":{"start":{"line":110,"column":8},"end":{"line":110,"column":22}}},"branchMap":{"1":{"line":54,"type":"if","locations":[{"start":{"line":54,"column":8},"end":{"line":54,"column":8}},{"start":{"line":54,"column":8},"end":{"line":54,"column":8}}]},"2":{"line":57,"type":"if","locations":[{"start":{"line":57,"column":8},"end":{"line":57,"column":8}},{"start":{"line":57,"column":8},"end":{"line":57,"column":8}}]},"3":{"line":63,"type":"if","locations":[{"start":{"line":63,"column":8},"end":{"line":63,"column":8}},{"start":{"line":63,"column":8},"end":{"line":63,"column":8}}]},"4":{"line":68,"type":"if","locations":[{"start":{"line":68,"column":8},"end":{"line":68,"column":8}},{"start":{"line":68,"column":8},"end":{"line":68,"column":8}}]},"5":{"line":72,"type":"if","locations":[{"start":{"line":72,"column":8},"end":{"line":72,"column":8}},{"start":{"line":72,"column":8},"end":{"line":72,"column":8}}]},"6":{"line":93,"type":"if","locations":[{"start":{"line":93,"column":8},"end":{"line":93,"column":8}},{"start":{"line":93,"column":8},"end":{"line":93,"column":8}}]},"7":{"line":96,"type":"if","locations":[{"start":{"line":96,"column":8},"end":{"line":96,"column":8}},{"start":{"line":96,"column":8},"end":{"line":96,"column":8}}]},"8":{"line":100,"type":"if","locations":[{"start":{"line":100,"column":8},"end":{"line":100,"column":8}},{"start":{"line":100,"column":8},"end":{"line":100,"column":8}}]},"9":{"line":106,"type":"if","locations":[{"start":{"line":106,"column":8},"end":{"line":106,"column":8}},{"start":{"line":106,"column":8},"end":{"line":106,"column":8}}]}}},"contracts/periphery/registry/ERC20TokenRegistry.sol":{"l":{"58":15,"59":15,"71":14,"78":11,"79":10,"80":9,"81":9,"88":3,"89":2,"90":2},"path":"/Users/g6s/bandohq/evm-fulfillment-protocol/contracts/periphery/registry/ERC20TokenRegistry.sol","s":{"1":15,"2":15,"3":14,"4":11,"5":10,"6":9,"7":3,"8":2},"b":{"1":[15,0],"2":[1,1],"3":[11,1],"4":[10,1],"5":[9,1],"6":[3,1],"7":[2,1]},"f":{"1":15,"2":1,"3":14,"4":11,"5":3},"fnMap":{"1":{"name":"initialize","line":57,"loc":{"start":{"line":57,"column":4},"end":{"line":60,"column":4}}},"2":{"name":"_authorizeUpgrade","line":65,"loc":{"start":{"line":65,"column":4},"end":{"line":65,"column":87}}},"3":{"name":"isTokenWhitelisted","line":70,"loc":{"start":{"line":70,"column":4},"end":{"line":72,"column":4}}},"4":{"name":"addToken","line":77,"loc":{"start":{"line":77,"column":4},"end":{"line":82,"column":4}}},"5":{"name":"removeToken","line":87,"loc":{"start":{"line":87,"column":4},"end":{"line":91,"column":4}}}},"statementMap":{"1":{"start":{"line":58,"column":8},"end":{"line":58,"column":33}},"2":{"start":{"line":59,"column":8},"end":{"line":59,"column":31}},"3":{"start":{"line":71,"column":8},"end":{"line":71,"column":31}},"4":{"start":{"line":78,"column":8},"end":{"line":78,"column":87}},"5":{"start":{"line":79,"column":8},"end":{"line":79,"column":82}},"6":{"start":{"line":81,"column":8},"end":{"line":81,"column":30}},"7":{"start":{"line":88,"column":8},"end":{"line":88,"column":77}},"8":{"start":{"line":90,"column":8},"end":{"line":90,"column":32}}},"branchMap":{"1":{"line":57,"type":"if","locations":[{"start":{"line":57,"column":33},"end":{"line":57,"column":33}},{"start":{"line":57,"column":33},"end":{"line":57,"column":33}}]},"2":{"line":65,"type":"if","locations":[{"start":{"line":65,"column":76},"end":{"line":65,"column":76}},{"start":{"line":65,"column":76},"end":{"line":65,"column":76}}]},"3":{"line":77,"type":"if","locations":[{"start":{"line":77,"column":44},"end":{"line":77,"column":44}},{"start":{"line":77,"column":44},"end":{"line":77,"column":44}}]},"4":{"line":78,"type":"if","locations":[{"start":{"line":78,"column":8},"end":{"line":78,"column":8}},{"start":{"line":78,"column":8},"end":{"line":78,"column":8}}]},"5":{"line":79,"type":"if","locations":[{"start":{"line":79,"column":8},"end":{"line":79,"column":8}},{"start":{"line":79,"column":8},"end":{"line":79,"column":8}}]},"6":{"line":87,"type":"if","locations":[{"start":{"line":87,"column":47},"end":{"line":87,"column":47}},{"start":{"line":87,"column":47},"end":{"line":87,"column":47}}]},"7":{"line":88,"type":"if","locations":[{"start":{"line":88,"column":8},"end":{"line":88,"column":8}},{"start":{"line":88,"column":8},"end":{"line":88,"column":8}}]}}},"contracts/periphery/registry/FulfillableRegistry.sol":{"l":{"49":12,"50":12,"55":5,"56":5,"67":5,"68":5,"78":7,"82":5,"83":5,"84":5,"94":1,"95":1,"105":1,"106":1,"116":1,"117":1,"125":0,"126":0,"127":0,"136":51,"140":48,"148":0,"149":0,"150":0,"160":5,"161":4,"162":4,"163":4,"174":14,"175":14,"176":14,"177":12,"180":2,"185":0},"path":"/Users/g6s/bandohq/evm-fulfillment-protocol/contracts/periphery/registry/FulfillableRegistry.sol","s":{"1":12,"2":5,"3":5,"4":5,"5":7,"6":5,"7":5,"8":1,"9":1,"10":1,"11":0,"12":51,"13":48,"14":0,"15":5,"16":4,"17":14,"18":14,"19":14,"20":12,"21":2,"22":0},"b":{"1":[12,0],"2":[5,0],"3":[0,0],"4":[5,0],"5":[5,0],"6":[7,0],"7":[5,2],"8":[1,0],"9":[1,0],"10":[1,0],"11":[1,0],"12":[1,0],"13":[1,0],"14":[0,0],"15":[0,0],"16":[48,3],"17":[0,0],"18":[5,0],"19":[4,1],"20":[12,2]},"f":{"1":12,"2":5,"3":0,"4":5,"5":7,"6":1,"7":1,"8":1,"9":0,"10":51,"11":0,"12":5,"13":14,"14":0},"fnMap":{"1":{"name":"onlyManager","line":48,"loc":{"start":{"line":48,"column":4},"end":{"line":51,"column":4}}},"2":{"name":"initialize","line":54,"loc":{"start":{"line":54,"column":4},"end":{"line":57,"column":4}}},"3":{"name":"_authorizeUpgrade","line":60,"loc":{"start":{"line":60,"column":4},"end":{"line":60,"column":87}}},"4":{"name":"setManager","line":66,"loc":{"start":{"line":66,"column":4},"end":{"line":69,"column":4}}},"5":{"name":"addService","line":77,"loc":{"start":{"line":77,"column":4},"end":{"line":85,"column":4}}},"6":{"name":"updateServiceBeneficiary","line":93,"loc":{"start":{"line":93,"column":4},"end":{"line":96,"column":4}}},"7":{"name":"updateServiceFeeAmount","line":104,"loc":{"start":{"line":104,"column":4},"end":{"line":107,"column":4}}},"8":{"name":"updateServiceFulfiller","line":115,"loc":{"start":{"line":115,"column":4},"end":{"line":118,"column":4}}},"9":{"name":"addFulfiller","line":124,"loc":{"start":{"line":124,"column":4},"end":{"line":128,"column":4}}},"10":{"name":"getService","line":135,"loc":{"start":{"line":135,"column":4},"end":{"line":141,"column":4}}},"11":{"name":"removeServiceAddress","line":147,"loc":{"start":{"line":147,"column":4},"end":{"line":151,"column":4}}},"12":{"name":"addServiceRef","line":159,"loc":{"start":{"line":159,"column":4},"end":{"line":164,"column":4}}},"13":{"name":"isRefValid","line":173,"loc":{"start":{"line":173,"column":4},"end":{"line":181,"column":4}}},"14":{"name":"canFulfillerFulfill","line":184,"loc":{"start":{"line":184,"column":4},"end":{"line":186,"column":4}}}},"statementMap":{"1":{"start":{"line":49,"column":8},"end":{"line":49,"column":102}},"2":{"start":{"line":55,"column":8},"end":{"line":55,"column":33}},"3":{"start":{"line":56,"column":8},"end":{"line":56,"column":31}},"4":{"start":{"line":67,"column":8},"end":{"line":67,"column":97}},"5":{"start":{"line":78,"column":8},"end":{"line":78,"column":2948}},"6":{"start":{"line":83,"column":8},"end":{"line":83,"column":55}},"7":{"start":{"line":84,"column":8},"end":{"line":84,"column":19}},"8":{"start":{"line":94,"column":8},"end":{"line":94,"column":114}},"9":{"start":{"line":105,"column":8},"end":{"line":105,"column":114}},"10":{"start":{"line":116,"column":8},"end":{"line":116,"column":114}},"11":{"start":{"line":125,"column":8},"end":{"line":125,"column":106}},"12":{"start":{"line":136,"column":8},"end":{"line":136,"column":5400}},"13":{"start":{"line":140,"column":8},"end":{"line":140,"column":42}},"14":{"start":{"line":150,"column":8},"end":{"line":150,"column":38}},"15":{"start":{"line":160,"column":8},"end":{"line":160,"column":93}},"16":{"start":{"line":161,"column":8},"end":{"line":161,"column":54}},"17":{"start":{"line":174,"column":8},"end":{"line":174,"column":54}},"18":{"start":{"line":175,"column":8},"end":{"line":175,"column":6774}},"19":{"start":{"line":176,"column":12},"end":{"line":176,"column":6831}},"20":{"start":{"line":177,"column":16},"end":{"line":177,"column":27}},"21":{"start":{"line":180,"column":8},"end":{"line":180,"column":20}},"22":{"start":{"line":185,"column":8},"end":{"line":185,"column":55}}},"branchMap":{"1":{"line":49,"type":"if","locations":[{"start":{"line":49,"column":8},"end":{"line":49,"column":8}},{"start":{"line":49,"column":8},"end":{"line":49,"column":8}}]},"2":{"line":54,"type":"if","locations":[{"start":{"line":54,"column":41},"end":{"line":54,"column":41}},{"start":{"line":54,"column":41},"end":{"line":54,"column":41}}]},"3":{"line":60,"type":"if","locations":[{"start":{"line":60,"column":76},"end":{"line":60,"column":76}},{"start":{"line":60,"column":76},"end":{"line":60,"column":76}}]},"4":{"line":66,"type":"if","locations":[{"start":{"line":66,"column":49},"end":{"line":66,"column":49}},{"start":{"line":66,"column":49},"end":{"line":66,"column":49}}]},"5":{"line":67,"type":"if","locations":[{"start":{"line":67,"column":8},"end":{"line":67,"column":8}},{"start":{"line":67,"column":8},"end":{"line":67,"column":8}}]},"6":{"line":77,"type":"if","locations":[{"start":{"line":77,"column":76},"end":{"line":77,"column":76}},{"start":{"line":77,"column":76},"end":{"line":77,"column":76}}]},"7":{"line":78,"type":"if","locations":[{"start":{"line":78,"column":8},"end":{"line":78,"column":8}},{"start":{"line":78,"column":8},"end":{"line":78,"column":8}}]},"8":{"line":93,"type":"if","locations":[{"start":{"line":93,"column":98},"end":{"line":93,"column":98}},{"start":{"line":93,"column":98},"end":{"line":93,"column":98}}]},"9":{"line":94,"type":"if","locations":[{"start":{"line":94,"column":8},"end":{"line":94,"column":8}},{"start":{"line":94,"column":8},"end":{"line":94,"column":8}}]},"10":{"line":104,"type":"if","locations":[{"start":{"line":104,"column":86},"end":{"line":104,"column":86}},{"start":{"line":104,"column":86},"end":{"line":104,"column":86}}]},"11":{"line":105,"type":"if","locations":[{"start":{"line":105,"column":8},"end":{"line":105,"column":8}},{"start":{"line":105,"column":8},"end":{"line":105,"column":8}}]},"12":{"line":115,"type":"if","locations":[{"start":{"line":115,"column":86},"end":{"line":115,"column":86}},{"start":{"line":115,"column":86},"end":{"line":115,"column":86}}]},"13":{"line":116,"type":"if","locations":[{"start":{"line":116,"column":8},"end":{"line":116,"column":8}},{"start":{"line":116,"column":8},"end":{"line":116,"column":8}}]},"14":{"line":124,"type":"if","locations":[{"start":{"line":124,"column":73},"end":{"line":124,"column":73}},{"start":{"line":124,"column":73},"end":{"line":124,"column":73}}]},"15":{"line":125,"type":"if","locations":[{"start":{"line":125,"column":8},"end":{"line":125,"column":8}},{"start":{"line":125,"column":8},"end":{"line":125,"column":8}}]},"16":{"line":136,"type":"if","locations":[{"start":{"line":136,"column":8},"end":{"line":136,"column":8}},{"start":{"line":136,"column":8},"end":{"line":136,"column":8}}]},"17":{"line":147,"type":"if","locations":[{"start":{"line":147,"column":62},"end":{"line":147,"column":62}},{"start":{"line":147,"column":62},"end":{"line":147,"column":62}}]},"18":{"line":159,"type":"if","locations":[{"start":{"line":159,"column":74},"end":{"line":159,"column":74}},{"start":{"line":159,"column":74},"end":{"line":159,"column":74}}]},"19":{"line":160,"type":"if","locations":[{"start":{"line":160,"column":8},"end":{"line":160,"column":8}},{"start":{"line":160,"column":8},"end":{"line":160,"column":8}}]},"20":{"line":176,"type":"if","locations":[{"start":{"line":176,"column":12},"end":{"line":176,"column":12}},{"start":{"line":176,"column":12},"end":{"line":176,"column":12}}]}}},"contracts/periphery/registry/IERC20TokenRegistry.sol":{"l":{},"path":"/Users/g6s/bandohq/evm-fulfillment-protocol/contracts/periphery/registry/IERC20TokenRegistry.sol","s":{},"b":{},"f":{},"fnMap":{},"statementMap":{},"branchMap":{}},"contracts/periphery/registry/IFulfillableRegistry.sol":{"l":{},"path":"/Users/g6s/bandohq/evm-fulfillment-protocol/contracts/periphery/registry/IFulfillableRegistry.sol","s":{},"b":{},"f":{},"fnMap":{},"statementMap":{},"branchMap":{}}}